<?xml version="1.0" encoding="UTF-8"?>
<testng-results skipped="0" failed="0" total="1" passed="1">
  <reporter-output>
  </reporter-output>
  <suite name="Default suite" duration-ms="2272" started-at="2021-11-30T14:22:05Z" finished-at="2021-11-30T14:22:07Z">
    <groups>
    </groups>
    <test name="Default test" duration-ms="2272" started-at="2021-11-30T14:22:05Z" finished-at="2021-11-30T14:22:07Z">
      <class name="com.hotal.Hotalexe">
        <test-method status="PASS" signature="beforeSuite()[pri:0, instance:com.hotal.Hotalexe@39ba5a14]" name="beforeSuite" is-config="true" duration-ms="10272" started-at="2021-11-30T19:51:54Z" finished-at="2021-11-30T19:52:05Z">
          <reporter-output>
          </reporter-output>
        </test-method> <!-- beforeSuite -->
        <test-method status="PASS" signature="beforeMethod()[pri:0, instance:com.hotal.Hotalexe@39ba5a14]" name="beforeMethod" is-config="true" duration-ms="1048" started-at="2021-11-30T19:52:05Z" finished-at="2021-11-30T19:52:06Z">
          <reporter-output>
          </reporter-output>
        </test-method> <!-- beforeMethod -->
        <test-method status="PASS" signature="regester()[pri:0, instance:com.hotal.Hotalexe@39ba5a14]" name="regester" duration-ms="1193" started-at="2021-11-30T19:52:06Z" finished-at="2021-11-30T19:52:07Z">
          <reporter-output>
          </reporter-output>
        </test-method> <!-- regester -->
        <test-method status="PASS" signature="afterMethod()[pri:0, instance:com.hotal.Hotalexe@39ba5a14]" name="afterMethod" is-config="true" duration-ms="0" started-at="2021-11-30T19:52:07Z" finished-at="2021-11-30T19:52:07Z">
          <reporter-output>
          </reporter-output>
        </test-method> <!-- afterMethod -->
      </class> <!-- com.hotal.Hotalexe -->
    </test> <!-- Default test -->
  </suite> <!-- Default suite -->
</testng-results>
